[debug] [2023-12-05T01:36:51.292Z] ----------------------------------------------------------------------
[debug] [2023-12-05T01:36:51.294Z] Command:       C:\Program Files\nodejs\node.exe C:\Users\jakelyny_sousa\AppData\Roaming\npm\node_modules\firebase-tools\lib\bin\firebase.js deploy
[debug] [2023-12-05T01:36:51.294Z] CLI Version:   12.9.1
[debug] [2023-12-05T01:36:51.294Z] Platform:      win32
[debug] [2023-12-05T01:36:51.295Z] Node Version:  v18.17.1
[debug] [2023-12-05T01:36:51.296Z] Time:          Mon Dec 04 2023 22:36:51 GMT-0300 (Horário Padrão de Brasília)
[debug] [2023-12-05T01:36:51.296Z] ----------------------------------------------------------------------
[debug] 
[debug] [2023-12-05T01:36:51.354Z] > command requires scopes: ["email","openid","https://www.googleapis.com/auth/cloudplatformprojects.readonly","https://www.googleapis.com/auth/firebase","https://www.googleapis.com/auth/cloud-platform"]
[debug] [2023-12-05T01:36:51.355Z] > authorizing via signed-in user (jakelynysousa.a@gmail.com)
[debug] [2023-12-05T01:36:51.355Z] [iam] checking project templatecrudmui for permissions ["datastore.indexes.create","datastore.indexes.delete","datastore.indexes.list","datastore.indexes.update","firebase.projects.get","firebasehosting.sites.update"]
[debug] [2023-12-05T01:36:51.358Z] >>> [apiv2][query] POST https://cloudresourcemanager.googleapis.com/v1/projects/templatecrudmui:testIamPermissions [none]
[debug] [2023-12-05T01:36:51.358Z] >>> [apiv2][(partial)header] POST https://cloudresourcemanager.googleapis.com/v1/projects/templatecrudmui:testIamPermissions x-goog-quota-user=projects/templatecrudmui
[debug] [2023-12-05T01:36:51.359Z] >>> [apiv2][body] POST https://cloudresourcemanager.googleapis.com/v1/projects/templatecrudmui:testIamPermissions {"permissions":["datastore.indexes.create","datastore.indexes.delete","datastore.indexes.list","datastore.indexes.update","firebase.projects.get","firebasehosting.sites.update"]}
[debug] [2023-12-05T01:36:52.362Z] <<< [apiv2][status] POST https://cloudresourcemanager.googleapis.com/v1/projects/templatecrudmui:testIamPermissions 200
[debug] [2023-12-05T01:36:52.362Z] <<< [apiv2][body] POST https://cloudresourcemanager.googleapis.com/v1/projects/templatecrudmui:testIamPermissions {"permissions":["datastore.indexes.create","datastore.indexes.delete","datastore.indexes.list","datastore.indexes.update","firebase.projects.get","firebasehosting.sites.update"]}
[debug] [2023-12-05T01:36:52.363Z] >>> [apiv2][query] GET https://firebase.googleapis.com/v1beta1/projects/templatecrudmui [none]
[debug] [2023-12-05T01:36:52.901Z] <<< [apiv2][status] GET https://firebase.googleapis.com/v1beta1/projects/templatecrudmui 200
[debug] [2023-12-05T01:36:52.901Z] <<< [apiv2][body] GET https://firebase.googleapis.com/v1beta1/projects/templatecrudmui {"projectId":"templatecrudmui","projectNumber":"736622738787","displayName":"templatecrudmui","name":"projects/templatecrudmui","resources":{"hostingSite":"templatecrudmui"},"state":"ACTIVE","etag":"1_9986912a-7450-4641-98ac-b50e43495ea4"}
[info] 
[info] === Deploying to 'templatecrudmui'...
[info] 
[info] i  deploying firestore, hosting 
[info] i  firestore: reading indexes from no... 
[info] i  cloud.firestore: checking firebaseConfig.js for compilation errors... 
[debug] [2023-12-05T01:36:52.906Z] >>> [apiv2][query] POST https://firebaserules.googleapis.com/v1/projects/templatecrudmui:test [none]
[debug] [2023-12-05T01:36:52.907Z] >>> [apiv2][body] POST https://firebaserules.googleapis.com/v1/projects/templatecrudmui:test [omitted]
